[0.004s] Invoking command in '/home/project/build/serve_interfaces': /usr/bin/cmake --build /home/project/build/serve_interfaces -- -j10 -l10
[0.012s] -- Found rosidl_default_generators: 1.2.0 (/opt/ros/humble/share/rosidl_default_generators/cmake)
[0.012s] -- Found ament_cmake_core: 1.3.12 (/opt/ros/humble/share/ament_cmake_core/cmake)
[0.036s] Traceback (most recent call last):
[0.036s]   File "/opt/ros/humble/share/ament_cmake_core/cmake/package_templates/templates_2_cmake.py", line 21, in <module>
[0.036s]     from ament_package.templates import get_environment_hook_template_path
[0.036s] ModuleNotFoundError: No module named 'ament_package'
[0.037s] [31mCMake Error at /opt/ros/humble/share/ament_cmake_core/cmake/ament_cmake_package_templates-extras.cmake:41 (message):
[0.037s]   execute_process(/usr/bin/python3
[0.037s]   /opt/ros/humble/share/ament_cmake_core/cmake/package_templates/templates_2_cmake.py
[0.037s]   /home/project/build/serve_interfaces/ament_cmake_package_templates/templates.cmake)
[0.037s]   returned error code 1
[0.037s] Call Stack (most recent call first):
[0.037s]   /opt/ros/humble/share/ament_cmake_core/cmake/ament_cmake_coreConfig.cmake:41 (include)
[0.037s]   /opt/ros/humble/share/rosidl_default_generators/cmake/rosidl_default_generators-extras.cmake:4 (find_package)
[0.037s]   /opt/ros/humble/share/rosidl_default_generators/cmake/rosidl_default_generatorsConfig.cmake:41 (include)
[0.037s]   CMakeLists.txt:8 (find_package)
[0.037s] 
[0.037s] [0m
[0.037s] -- Configuring incomplete, errors occurred!
[0.037s] See also "/home/project/build/serve_interfaces/CMakeFiles/CMakeOutput.log".
[0.038s] gmake: *** [Makefile:747: cmake_check_build_system] Error 1
[0.039s] Invoked command in '/home/project/build/serve_interfaces' returned '2': /usr/bin/cmake --build /home/project/build/serve_interfaces -- -j10 -l10
